C:\USERS\DAIKI\WORKSPACE\CAMERACOMP\BUILD\SRC\CAMERACOMPCOMP.DIR\DEBUG\CAMERACOMP.OBJ
C:\USERS\DAIKI\WORKSPACE\CAMERACOMP\BUILD\SRC\CAMERACOMPCOMP.DIR\DEBUG\CAMERACOMPCOMP.EXE.EMBED.MANIFEST
C:\USERS\DAIKI\WORKSPACE\CAMERACOMP\BUILD\SRC\CAMERACOMPCOMP.DIR\DEBUG\CAMERACOMPCOMP.EXE.EMBED.MANIFEST.RES
C:\USERS\DAIKI\WORKSPACE\CAMERACOMP\BUILD\SRC\CAMERACOMPCOMP.DIR\DEBUG\CAMERACOMPCOMP.EXE.INTERMEDIATE.MANIFEST
C:\USERS\DAIKI\WORKSPACE\CAMERACOMP\BUILD\SRC\CAMERACOMPCOMP.DIR\DEBUG\CAMERACOMPCOMP.OBJ
C:\Users\daiki\workspace\CameraComp\build\src\CameraCompComp.dir\Debug\CameraCompComp.write.1.tlog
C:\Users\daiki\workspace\CameraComp\build\src\CameraCompComp.dir\Debug\CameraCompComp_manifest.rc
C:\Users\daiki\workspace\CameraComp\build\src\CameraCompComp.dir\Debug\cl.command.1.tlog
C:\Users\daiki\workspace\CameraComp\build\src\CameraCompComp.dir\Debug\CL.read.1.tlog
C:\Users\daiki\workspace\CameraComp\build\src\CameraCompComp.dir\Debug\CL.write.1.tlog
C:\Users\daiki\workspace\CameraComp\build\src\CameraCompComp.dir\Debug\custombuild.command.1.tlog
C:\Users\daiki\workspace\CameraComp\build\src\CameraCompComp.dir\Debug\custombuild.read.1.tlog
C:\Users\daiki\workspace\CameraComp\build\src\CameraCompComp.dir\Debug\custombuild.write.1.tlog
C:\Users\daiki\workspace\CameraComp\build\src\CameraCompComp.dir\Debug\link.2784.read.1.tlog
C:\Users\daiki\workspace\CameraComp\build\src\CameraCompComp.dir\Debug\link.2784.write.1.tlog
C:\Users\daiki\workspace\CameraComp\build\src\CameraCompComp.dir\Debug\link.2784-cvtres.read.1.tlog
C:\Users\daiki\workspace\CameraComp\build\src\CameraCompComp.dir\Debug\link.2784-cvtres.write.1.tlog
C:\Users\daiki\workspace\CameraComp\build\src\CameraCompComp.dir\Debug\link.4776.read.1.tlog
C:\Users\daiki\workspace\CameraComp\build\src\CameraCompComp.dir\Debug\link.4776.write.1.tlog
C:\Users\daiki\workspace\CameraComp\build\src\CameraCompComp.dir\Debug\link.4776-cvtres.read.1.tlog
C:\Users\daiki\workspace\CameraComp\build\src\CameraCompComp.dir\Debug\link.4776-cvtres.write.1.tlog
C:\Users\daiki\workspace\CameraComp\build\src\CameraCompComp.dir\Debug\link.command.1.tlog
C:\Users\daiki\workspace\CameraComp\build\src\CameraCompComp.dir\Debug\link.read.1.tlog
C:\Users\daiki\workspace\CameraComp\build\src\CameraCompComp.dir\Debug\link.write.1.tlog
C:\Users\daiki\workspace\CameraComp\build\src\CameraCompComp.dir\Debug\link-cvtres.read.1.tlog
C:\Users\daiki\workspace\CameraComp\build\src\CameraCompComp.dir\Debug\link-cvtres.write.1.tlog
C:\Users\daiki\workspace\CameraComp\build\src\CameraCompComp.dir\Debug\mt.command.1.tlog
C:\Users\daiki\workspace\CameraComp\build\src\CameraCompComp.dir\Debug\mt.read.1.tlog
C:\Users\daiki\workspace\CameraComp\build\src\CameraCompComp.dir\Debug\mt.write.1.tlog
C:\Users\daiki\workspace\CameraComp\build\src\CameraCompComp.dir\Debug\rc.command.1.tlog
C:\Users\daiki\workspace\CameraComp\build\src\CameraCompComp.dir\Debug\rc.read.1.tlog
C:\Users\daiki\workspace\CameraComp\build\src\CameraCompComp.dir\Debug\rc.write.1.tlog
C:\USERS\DAIKI\WORKSPACE\CAMERACOMP\BUILD\SRC\CMAKEFILES\GENERATE.STAMP
C:\USERS\DAIKI\WORKSPACE\CAMERACOMP\BUILD\SRC\DEBUG\CAMERACOMPCOMP.EXE
C:\Users\daiki\workspace\CameraComp\build\src\Debug\CameraCompComp.exp
C:\USERS\DAIKI\WORKSPACE\CAMERACOMP\BUILD\SRC\DEBUG\CAMERACOMPCOMP.ILK
C:\Users\daiki\workspace\CameraComp\build\src\Debug\CameraCompComp.lib
C:\USERS\DAIKI\WORKSPACE\CAMERACOMP\BUILD\SRC\DEBUG\CAMERACOMPCOMP.PDB
