C:\USERS\DAIKI\WORKSPACE\CAMERACOMP\BUILD\SRC\CAMERACOMP.DIR\DEBUG\CAMERACOMP.DLL.EMBED.MANIFEST
C:\USERS\DAIKI\WORKSPACE\CAMERACOMP\BUILD\SRC\CAMERACOMP.DIR\DEBUG\CAMERACOMP.DLL.EMBED.MANIFEST.RES
C:\USERS\DAIKI\WORKSPACE\CAMERACOMP\BUILD\SRC\CAMERACOMP.DIR\DEBUG\CAMERACOMP.DLL.INTERMEDIATE.MANIFEST
C:\USERS\DAIKI\WORKSPACE\CAMERACOMP\BUILD\SRC\CAMERACOMP.DIR\DEBUG\CAMERACOMP.OBJ
C:\Users\daiki\workspace\CameraComp\build\src\CameraComp.dir\Debug\CameraComp.vcxprojResolveAssemblyReference.cache
C:\Users\daiki\workspace\CameraComp\build\src\CameraComp.dir\Debug\CameraComp.write.1.tlog
C:\Users\daiki\workspace\CameraComp\build\src\CameraComp.dir\Debug\CameraComp_manifest.rc
C:\Users\daiki\workspace\CameraComp\build\src\CameraComp.dir\Debug\cl.command.1.tlog
C:\Users\daiki\workspace\CameraComp\build\src\CameraComp.dir\Debug\CL.read.1.tlog
C:\Users\daiki\workspace\CameraComp\build\src\CameraComp.dir\Debug\CL.write.1.tlog
C:\Users\daiki\workspace\CameraComp\build\src\CameraComp.dir\Debug\custombuild.command.1.tlog
C:\Users\daiki\workspace\CameraComp\build\src\CameraComp.dir\Debug\custombuild.read.1.tlog
C:\Users\daiki\workspace\CameraComp\build\src\CameraComp.dir\Debug\custombuild.write.1.tlog
C:\Users\daiki\workspace\CameraComp\build\src\CameraComp.dir\Debug\link.2400.read.1.tlog
C:\Users\daiki\workspace\CameraComp\build\src\CameraComp.dir\Debug\link.2400.write.1.tlog
C:\Users\daiki\workspace\CameraComp\build\src\CameraComp.dir\Debug\link.2400-cvtres.read.1.tlog
C:\Users\daiki\workspace\CameraComp\build\src\CameraComp.dir\Debug\link.2400-cvtres.write.1.tlog
C:\Users\daiki\workspace\CameraComp\build\src\CameraComp.dir\Debug\link.4316.read.1.tlog
C:\Users\daiki\workspace\CameraComp\build\src\CameraComp.dir\Debug\link.4316.write.1.tlog
C:\Users\daiki\workspace\CameraComp\build\src\CameraComp.dir\Debug\link.4316-cvtres.read.1.tlog
C:\Users\daiki\workspace\CameraComp\build\src\CameraComp.dir\Debug\link.4316-cvtres.write.1.tlog
C:\Users\daiki\workspace\CameraComp\build\src\CameraComp.dir\Debug\link.command.1.tlog
C:\Users\daiki\workspace\CameraComp\build\src\CameraComp.dir\Debug\link.read.1.tlog
C:\Users\daiki\workspace\CameraComp\build\src\CameraComp.dir\Debug\link.write.1.tlog
C:\Users\daiki\workspace\CameraComp\build\src\CameraComp.dir\Debug\link-cvtres.read.1.tlog
C:\Users\daiki\workspace\CameraComp\build\src\CameraComp.dir\Debug\link-cvtres.write.1.tlog
C:\Users\daiki\workspace\CameraComp\build\src\CameraComp.dir\Debug\mt.command.1.tlog
C:\Users\daiki\workspace\CameraComp\build\src\CameraComp.dir\Debug\mt.read.1.tlog
C:\Users\daiki\workspace\CameraComp\build\src\CameraComp.dir\Debug\mt.write.1.tlog
C:\Users\daiki\workspace\CameraComp\build\src\CameraComp.dir\Debug\rc.command.1.tlog
C:\Users\daiki\workspace\CameraComp\build\src\CameraComp.dir\Debug\rc.read.1.tlog
C:\Users\daiki\workspace\CameraComp\build\src\CameraComp.dir\Debug\rc.write.1.tlog
C:\USERS\DAIKI\WORKSPACE\CAMERACOMP\BUILD\SRC\CMAKEFILES\GENERATE.STAMP
C:\USERS\DAIKI\WORKSPACE\CAMERACOMP\BUILD\SRC\DEBUG\CAMERACOMP.DLL
C:\Users\daiki\workspace\CameraComp\build\src\Debug\CameraComp.exp
C:\USERS\DAIKI\WORKSPACE\CAMERACOMP\BUILD\SRC\DEBUG\CAMERACOMP.ILK
C:\Users\daiki\workspace\CameraComp\build\src\Debug\CameraComp.lib
C:\USERS\DAIKI\WORKSPACE\CAMERACOMP\BUILD\SRC\DEBUG\CAMERACOMP.PDB
